This file contains any messages produced by compilers while
running configure, to aid debugging if configure makes a mistake.

It was created by configure, which was
generated by GNU Autoconf 2.69.  Invocation command line was

  $ ./configure 

## --------- ##
## Platform. ##
## --------- ##

hostname = chcpu10
uname -m = x86_64
uname -r = 4.15.0-117-generic
uname -s = Linux
uname -v = #118-Ubuntu SMP Fri Sep 4 20:02:41 UTC 2020

/usr/bin/uname -p = unknown
/bin/uname -X     = unknown

/bin/arch              = unknown
/usr/bin/arch -k       = unknown
/usr/convex/getsysinfo = unknown
/usr/bin/hostinfo      = unknown
/bin/machine           = unknown
/usr/bin/oslevel       = unknown
/bin/universe          = unknown

PATH: /home/acesrc/llvm-giant//bin
PATH: /home/acesrc/llvm-giant//lib
PATH: /home/acesrc/.autojump/bin
PATH: /home/acesrc/.autojump/bin
PATH: /usr/local/sbin
PATH: /usr/local/bin
PATH: /usr/sbin
PATH: /usr/bin
PATH: /sbin
PATH: /bin
PATH: /usr/games
PATH: /usr/local/games
PATH: /snap/bin


## ----------- ##
## Core tests. ##
## ----------- ##

configure:2459: checking for a BSD-compatible install
configure:2527: result: /usr/bin/install -c
configure:2538: checking whether build environment is sane
configure:2593: result: yes
configure:2744: checking for a thread-safe mkdir -p
configure:2783: result: /bin/mkdir -p
configure:2790: checking for gawk
configure:2806: found /usr/bin/gawk
configure:2817: result: gawk
configure:2828: checking whether make sets $(MAKE)
configure:2850: result: yes
configure:2879: checking whether make supports nested variables
configure:2896: result: yes
configure:3072: checking for gcc
configure:3088: found /usr/bin/gcc
configure:3099: result: gcc
configure:3328: checking for C compiler version
configure:3337: gcc --version >&5
gcc (Ubuntu 7.5.0-3ubuntu1~18.04) 7.5.0
Copyright (C) 2017 Free Software Foundation, Inc.
This is free software; see the source for copying conditions.  There is NO
warranty; not even for MERCHANTABILITY or FITNESS FOR A PARTICULAR PURPOSE.

configure:3348: $? = 0
configure:3337: gcc -v >&5
Using built-in specs.
COLLECT_GCC=gcc
COLLECT_LTO_WRAPPER=/usr/lib/gcc/x86_64-linux-gnu/7/lto-wrapper
OFFLOAD_TARGET_NAMES=nvptx-none
OFFLOAD_TARGET_DEFAULT=1
Target: x86_64-linux-gnu
Configured with: ../src/configure -v --with-pkgversion='Ubuntu 7.5.0-3ubuntu1~18.04' --with-bugurl=file:///usr/share/doc/gcc-7/README.Bugs --enable-languages=c,ada,c++,go,brig,d,fortran,objc,obj-c++ --prefix=/usr --with-gcc-major-version-only --program-suffix=-7 --program-prefix=x86_64-linux-gnu- --enable-shared --enable-linker-build-id --libexecdir=/usr/lib --without-included-gettext --enable-threads=posix --libdir=/usr/lib --enable-nls --enable-bootstrap --enable-clocale=gnu --enable-libstdcxx-debug --enable-libstdcxx-time=yes --with-default-libstdcxx-abi=new --enable-gnu-unique-object --disable-vtable-verify --enable-libmpx --enable-plugin --enable-default-pie --with-system-zlib --with-target-system-zlib --enable-objc-gc=auto --enable-multiarch --disable-werror --with-arch-32=i686 --with-abi=m64 --with-multilib-list=m32,m64,mx32 --enable-multilib --with-tune=generic --enable-offload-targets=nvptx-none --without-cuda-driver --enable-checking=release --build=x86_64-linux-gnu --host=x86_64-linux-gnu --target=x86_64-linux-gnu
Thread model: posix
gcc version 7.5.0 (Ubuntu 7.5.0-3ubuntu1~18.04) 
configure:3348: $? = 0
configure:3337: gcc -V >&5
gcc: error: unrecognized command line option '-V'
gcc: fatal error: no input files
compilation terminated.
configure:3348: $? = 1
configure:3337: gcc -qversion >&5
gcc: error: unrecognized command line option '-qversion'; did you mean '--version'?
gcc: fatal error: no input files
compilation terminated.
configure:3348: $? = 1
configure:3368: checking whether the C compiler works
configure:3390: gcc -g -O0 -fsanitize=address   conftest.c  >&5
configure:3394: $? = 0
configure:3442: result: yes
configure:3445: checking for C compiler default output file name
configure:3447: result: a.out
configure:3453: checking for suffix of executables
configure:3460: gcc -o conftest -g -O0 -fsanitize=address   conftest.c  >&5
configure:3464: $? = 0
configure:3486: result: 
configure:3508: checking whether we are cross compiling
configure:3516: gcc -o conftest -g -O0 -fsanitize=address   conftest.c  >&5
configure:3520: $? = 0
configure:3527: ./conftest
configure:3531: $? = 0
configure:3546: result: no
configure:3551: checking for suffix of object files
configure:3573: gcc -c -g -O0 -fsanitize=address  conftest.c >&5
configure:3577: $? = 0
configure:3598: result: o
configure:3602: checking whether we are using the GNU C compiler
configure:3621: gcc -c -g -O0 -fsanitize=address  conftest.c >&5
configure:3621: $? = 0
configure:3630: result: yes
configure:3639: checking whether gcc accepts -g
configure:3659: gcc -c -g  conftest.c >&5
configure:3659: $? = 0
configure:3700: result: yes
configure:3717: checking for gcc option to accept ISO C89
configure:3780: gcc  -c -g -O0 -fsanitize=address  conftest.c >&5
configure:3780: $? = 0
configure:3793: result: none needed
configure:3818: checking whether gcc understands -c and -o together
configure:3840: gcc -c conftest.c -o conftest2.o
configure:3843: $? = 0
configure:3840: gcc -c conftest.c -o conftest2.o
configure:3843: $? = 0
configure:3855: result: yes
configure:3883: checking for style of include used by make
configure:3911: result: GNU
configure:3937: checking dependency style of gcc
configure:4048: result: none
configure:4092: checking build system type
configure:4106: result: x86_64-pc-linux-gnu
configure:4126: checking host system type
configure:4139: result: x86_64-pc-linux-gnu
configure:4180: checking how to print strings
configure:4207: result: printf
configure:4228: checking for a sed that does not truncate output
configure:4292: result: /bin/sed
configure:4310: checking for grep that handles long lines and -e
configure:4368: result: /bin/grep
configure:4373: checking for egrep
configure:4435: result: /bin/grep -E
configure:4440: checking for fgrep
configure:4502: result: /bin/grep -F
configure:4537: checking for ld used by gcc
configure:4604: result: /usr/bin/ld
configure:4611: checking if the linker (/usr/bin/ld) is GNU ld
configure:4626: result: yes
configure:4638: checking for BSD- or MS-compatible name lister (nm)
configure:4692: result: /usr/bin/nm -B
configure:4822: checking the name lister (/usr/bin/nm -B) interface
configure:4829: gcc -c -g -O0 -fsanitize=address  conftest.c >&5
configure:4832: /usr/bin/nm -B "conftest.o"
configure:4835: output
                 U _GLOBAL_OFFSET_TABLE_
0000000000000000 t _GLOBAL__sub_D_00099_0_some_variable
0000000000000017 t _GLOBAL__sub_I_00099_1_some_variable
                 U __asan_init
                 U __asan_register_globals
                 U __asan_unregister_globals
                 U __asan_version_mismatch_check_v8
0000000000000040 B __odr_asan.some_variable
0000000000000000 B some_variable
configure:4842: result: BSD nm
configure:4845: checking whether ln -s works
configure:4849: result: yes
configure:4857: checking the maximum length of command line arguments
configure:4988: result: 1572864
configure:5036: checking how to convert x86_64-pc-linux-gnu file names to x86_64-pc-linux-gnu format
configure:5076: result: func_convert_file_noop
configure:5083: checking how to convert x86_64-pc-linux-gnu file names to toolchain format
configure:5103: result: func_convert_file_noop
configure:5110: checking for /usr/bin/ld option to reload object files
configure:5117: result: -r
configure:5191: checking for objdump
configure:5207: found /usr/bin/objdump
configure:5218: result: objdump
configure:5250: checking how to recognize dependent libraries
configure:5450: result: pass_all
configure:5535: checking for dlltool
configure:5565: result: no
configure:5595: checking how to associate runtime and link libraries
configure:5622: result: printf %s\n
configure:5683: checking for ar
configure:5699: found /usr/bin/ar
configure:5710: result: ar
configure:5747: checking for archiver @FILE support
configure:5764: gcc -c -g -O0 -fsanitize=address  conftest.c >&5
configure:5764: $? = 0
configure:5767: ar cru libconftest.a @conftest.lst >&5
ar: `u' modifier ignored since `D' is the default (see `U')
configure:5770: $? = 0
configure:5775: ar cru libconftest.a @conftest.lst >&5
ar: `u' modifier ignored since `D' is the default (see `U')
ar: conftest.o: No such file or directory
configure:5778: $? = 1
configure:5790: result: @
configure:5848: checking for strip
configure:5864: found /usr/bin/strip
configure:5875: result: strip
configure:5947: checking for ranlib
configure:5963: found /usr/bin/ranlib
configure:5974: result: ranlib
configure:6076: checking command to parse /usr/bin/nm -B output from gcc object
configure:6229: gcc -c -g -O0 -fsanitize=address  conftest.c >&5
configure:6232: $? = 0
configure:6236: /usr/bin/nm -B conftest.o \| sed -n -e 's/^.*[ ]\([ABCDGIRSTW][ABCDGIRSTW]*\)[ ][ ]*\([_A-Za-z][_A-Za-z0-9]*\)$/\1 \2 \2/p' | sed '/ __gnu_lto/d' \> conftest.nm
configure:6239: $? = 0
configure:6305: gcc -o conftest -g -O0 -fsanitize=address   conftest.c conftstm.o >&5
configure:6308: $? = 0
configure:6346: result: ok
configure:6393: checking for sysroot
configure:6423: result: no
configure:6430: checking for a working dd
configure:6468: result: /bin/dd
configure:6472: checking how to truncate binary pipes
configure:6487: result: /bin/dd bs=4096 count=1
configure:6623: gcc -c -g -O0 -fsanitize=address  conftest.c >&5
configure:6626: $? = 0
configure:6816: checking for mt
configure:6832: found /bin/mt
configure:6843: result: mt
configure:6866: checking if mt is a manifest tool
configure:6872: mt '-?'
configure:6880: result: no
configure:7557: checking how to run the C preprocessor
configure:7588: gcc -E  conftest.c
configure:7588: $? = 0
configure:7602: gcc -E  conftest.c
conftest.c:10:10: fatal error: ac_nonexistent.h: No such file or directory
 #include <ac_nonexistent.h>
          ^~~~~~~~~~~~~~~~~~
compilation terminated.
configure:7602: $? = 1
configure: failed program was:
| /* confdefs.h */
| #define PACKAGE_NAME ""
| #define PACKAGE_TARNAME ""
| #define PACKAGE_VERSION ""
| #define PACKAGE_STRING ""
| #define PACKAGE_BUGREPORT ""
| #define PACKAGE_URL ""
| #define AUTOTRACE_VERSION "0.31.1"
| /* end confdefs.h.  */
| #include <ac_nonexistent.h>
configure:7627: result: gcc -E
configure:7647: gcc -E  conftest.c
configure:7647: $? = 0
configure:7661: gcc -E  conftest.c
conftest.c:10:10: fatal error: ac_nonexistent.h: No such file or directory
 #include <ac_nonexistent.h>
          ^~~~~~~~~~~~~~~~~~
compilation terminated.
configure:7661: $? = 1
configure: failed program was:
| /* confdefs.h */
| #define PACKAGE_NAME ""
| #define PACKAGE_TARNAME ""
| #define PACKAGE_VERSION ""
| #define PACKAGE_STRING ""
| #define PACKAGE_BUGREPORT ""
| #define PACKAGE_URL ""
| #define AUTOTRACE_VERSION "0.31.1"
| /* end confdefs.h.  */
| #include <ac_nonexistent.h>
configure:7690: checking for ANSI C header files
configure:7710: gcc -c -g -O0 -fsanitize=address  conftest.c >&5
configure:7710: $? = 0
configure:7783: gcc -o conftest -g -O0 -fsanitize=address   conftest.c  >&5
configure:7783: $? = 0
configure:7783: ./conftest
configure:7783: $? = 0
configure:7794: result: yes
configure:7807: checking for sys/types.h
configure:7807: gcc -c -g -O0 -fsanitize=address  conftest.c >&5
configure:7807: $? = 0
configure:7807: result: yes
configure:7807: checking for sys/stat.h
configure:7807: gcc -c -g -O0 -fsanitize=address  conftest.c >&5
configure:7807: $? = 0
configure:7807: result: yes
configure:7807: checking for stdlib.h
configure:7807: gcc -c -g -O0 -fsanitize=address  conftest.c >&5
configure:7807: $? = 0
configure:7807: result: yes
configure:7807: checking for string.h
configure:7807: gcc -c -g -O0 -fsanitize=address  conftest.c >&5
configure:7807: $? = 0
configure:7807: result: yes
configure:7807: checking for memory.h
configure:7807: gcc -c -g -O0 -fsanitize=address  conftest.c >&5
configure:7807: $? = 0
configure:7807: result: yes
configure:7807: checking for strings.h
configure:7807: gcc -c -g -O0 -fsanitize=address  conftest.c >&5
configure:7807: $? = 0
configure:7807: result: yes
configure:7807: checking for inttypes.h
configure:7807: gcc -c -g -O0 -fsanitize=address  conftest.c >&5
configure:7807: $? = 0
configure:7807: result: yes
configure:7807: checking for stdint.h
configure:7807: gcc -c -g -O0 -fsanitize=address  conftest.c >&5
configure:7807: $? = 0
configure:7807: result: yes
configure:7807: checking for unistd.h
configure:7807: gcc -c -g -O0 -fsanitize=address  conftest.c >&5
configure:7807: $? = 0
configure:7807: result: yes
configure:7821: checking for dlfcn.h
configure:7821: gcc -c -g -O0 -fsanitize=address  conftest.c >&5
configure:7821: $? = 0
configure:7821: result: yes
configure:8077: checking for objdir
configure:8092: result: .libs
configure:8352: checking if gcc supports -fno-rtti -fno-exceptions
configure:8370: gcc -c -g -O0 -fsanitize=address  -fno-rtti -fno-exceptions conftest.c >&5
cc1: warning: command line option '-fno-rtti' is valid for C++/ObjC++ but not for C
configure:8374: $? = 0
configure:8387: result: no
configure:8745: checking for gcc option to produce PIC
configure:8752: result: -fPIC -DPIC
configure:8760: checking if gcc PIC flag -fPIC -DPIC works
configure:8778: gcc -c -g -O0 -fsanitize=address  -fPIC -DPIC -DPIC conftest.c >&5
configure:8782: $? = 0
configure:8795: result: yes
configure:8824: checking if gcc static flag -static works
configure:8852: result: no
configure:8867: checking if gcc supports -c -o file.o
configure:8888: gcc -c -g -O0 -fsanitize=address  -o out/conftest2.o conftest.c >&5
configure:8892: $? = 0
configure:8914: result: yes
configure:8922: checking if gcc supports -c -o file.o
configure:8969: result: yes
configure:9002: checking whether the gcc linker (/usr/bin/ld -m elf_x86_64) supports shared libraries
configure:10261: result: yes
configure:10298: checking whether -lc should be explicitly linked in
configure:10306: gcc -c -g -O0 -fsanitize=address  conftest.c >&5
configure:10309: $? = 0
configure:10324: gcc -shared  -fPIC -DPIC conftest.o  -v -Wl,-soname -Wl,conftest -o conftest 2\>\&1 \| /bin/grep  -lc  \>/dev/null 2\>\&1
configure:10327: $? = 0
configure:10341: result: no
configure:10501: checking dynamic linker characteristics
configure:11095: gcc -o conftest -g -O0 -fsanitize=address   -Wl,-rpath -Wl,/foo conftest.c  >&5
configure:11095: $? = 0
configure:11332: result: GNU/Linux ld.so
configure:11454: checking how to hardcode library paths into programs
configure:11479: result: immediate
configure:12027: checking whether stripping libraries is possible
configure:12032: result: yes
configure:12067: checking if libtool supports shared libraries
configure:12069: result: yes
configure:12072: checking whether to build shared libraries
configure:12097: result: yes
configure:12100: checking whether to build static libraries
configure:12104: result: yes
configure:12149: checking whether to enable maintainer-specific portions of Makefiles
configure:12158: result: no
configure:12180: checking how to run the C preprocessor
configure:12250: result: gcc -E
configure:12270: gcc -E  conftest.c
configure:12270: $? = 0
configure:12284: gcc -E  conftest.c
conftest.c:23:10: fatal error: ac_nonexistent.h: No such file or directory
 #include <ac_nonexistent.h>
          ^~~~~~~~~~~~~~~~~~
compilation terminated.
configure:12284: $? = 1
configure: failed program was:
| /* confdefs.h */
| #define PACKAGE_NAME ""
| #define PACKAGE_TARNAME ""
| #define PACKAGE_VERSION ""
| #define PACKAGE_STRING ""
| #define PACKAGE_BUGREPORT ""
| #define PACKAGE_URL ""
| #define AUTOTRACE_VERSION "0.31.1"
| #define STDC_HEADERS 1
| #define HAVE_SYS_TYPES_H 1
| #define HAVE_SYS_STAT_H 1
| #define HAVE_STDLIB_H 1
| #define HAVE_STRING_H 1
| #define HAVE_MEMORY_H 1
| #define HAVE_STRINGS_H 1
| #define HAVE_INTTYPES_H 1
| #define HAVE_STDINT_H 1
| #define HAVE_UNISTD_H 1
| #define HAVE_DLFCN_H 1
| #define LT_OBJDIR ".libs/"
| #define AUTOTRACE_WEB "http://autotrace.sourceforge.net"
| /* end confdefs.h.  */
| #include <ac_nonexistent.h>
configure:12355: checking for ranlib
configure:12382: result: ranlib
configure:12404: checking whether build environment is sane
configure:12459: result: yes
configure:12474: checking malloc.h usability
configure:12474: gcc -c -g -O0 -fsanitize=address  conftest.c >&5
configure:12474: $? = 0
configure:12474: result: yes
configure:12474: checking malloc.h presence
configure:12474: gcc -E  conftest.c
configure:12474: $? = 0
configure:12474: result: yes
configure:12474: checking for malloc.h
configure:12474: result: yes
configure:12712: checking for png_get_image_width in -lpng
configure:12737: gcc -o conftest -g -O0 -fsanitize=address   conftest.c -lpng -lz -lm  >&5
configure:12737: $? = 0
configure:12746: result: yes
configure:12755: checking for png_read_png in -lpng
configure:12780: gcc -o conftest -g -O0 -fsanitize=address   conftest.c -lpng -lz -lm  >&5
configure:12780: $? = 0
configure:12789: result: yes
configure:12841: checking ming.h usability
configure:12841: gcc -c -g -O0 -fsanitize=address  conftest.c >&5
conftest.c:59:10: fatal error: ming.h: No such file or directory
 #include <ming.h>
          ^~~~~~~~
compilation terminated.
configure:12841: $? = 1
configure: failed program was:
| /* confdefs.h */
| #define PACKAGE_NAME ""
| #define PACKAGE_TARNAME ""
| #define PACKAGE_VERSION ""
| #define PACKAGE_STRING ""
| #define PACKAGE_BUGREPORT ""
| #define PACKAGE_URL ""
| #define AUTOTRACE_VERSION "0.31.1"
| #define STDC_HEADERS 1
| #define HAVE_SYS_TYPES_H 1
| #define HAVE_SYS_STAT_H 1
| #define HAVE_STDLIB_H 1
| #define HAVE_STRING_H 1
| #define HAVE_MEMORY_H 1
| #define HAVE_STRINGS_H 1
| #define HAVE_INTTYPES_H 1
| #define HAVE_STDINT_H 1
| #define HAVE_UNISTD_H 1
| #define HAVE_DLFCN_H 1
| #define LT_OBJDIR ".libs/"
| #define AUTOTRACE_WEB "http://autotrace.sourceforge.net"
| #define HAVE_MALLOC_H 1
| #define HAVE_MAGICK 1
| #define HAVE_LIBPNG 1
| /* end confdefs.h.  */
| #include <stdio.h>
| #ifdef HAVE_SYS_TYPES_H
| # include <sys/types.h>
| #endif
| #ifdef HAVE_SYS_STAT_H
| # include <sys/stat.h>
| #endif
| #ifdef STDC_HEADERS
| # include <stdlib.h>
| # include <stddef.h>
| #else
| # ifdef HAVE_STDLIB_H
| #  include <stdlib.h>
| # endif
| #endif
| #ifdef HAVE_STRING_H
| # if !defined STDC_HEADERS && defined HAVE_MEMORY_H
| #  include <memory.h>
| # endif
| # include <string.h>
| #endif
| #ifdef HAVE_STRINGS_H
| # include <strings.h>
| #endif
| #ifdef HAVE_INTTYPES_H
| # include <inttypes.h>
| #endif
| #ifdef HAVE_STDINT_H
| # include <stdint.h>
| #endif
| #ifdef HAVE_UNISTD_H
| # include <unistd.h>
| #endif
| #include <ming.h>
configure:12841: result: no
configure:12841: checking ming.h presence
configure:12841: gcc -E  conftest.c
conftest.c:26:10: fatal error: ming.h: No such file or directory
 #include <ming.h>
          ^~~~~~~~
compilation terminated.
configure:12841: $? = 1
configure: failed program was:
| /* confdefs.h */
| #define PACKAGE_NAME ""
| #define PACKAGE_TARNAME ""
| #define PACKAGE_VERSION ""
| #define PACKAGE_STRING ""
| #define PACKAGE_BUGREPORT ""
| #define PACKAGE_URL ""
| #define AUTOTRACE_VERSION "0.31.1"
| #define STDC_HEADERS 1
| #define HAVE_SYS_TYPES_H 1
| #define HAVE_SYS_STAT_H 1
| #define HAVE_STDLIB_H 1
| #define HAVE_STRING_H 1
| #define HAVE_MEMORY_H 1
| #define HAVE_STRINGS_H 1
| #define HAVE_INTTYPES_H 1
| #define HAVE_STDINT_H 1
| #define HAVE_UNISTD_H 1
| #define HAVE_DLFCN_H 1
| #define LT_OBJDIR ".libs/"
| #define AUTOTRACE_WEB "http://autotrace.sourceforge.net"
| #define HAVE_MALLOC_H 1
| #define HAVE_MAGICK 1
| #define HAVE_LIBPNG 1
| /* end confdefs.h.  */
| #include <ming.h>
configure:12841: result: no
configure:12841: checking for ming.h
configure:12841: result: no
configure:12903: WARNING: *** Cannot find ming.h.     ***
configure:12905: WARNING: *** SWF output is disabled. ***
configure:12918: checking whether the host is Darwin
configure:12930: result: no
configure:13009: checking for g++
configure:13025: found /usr/bin/g++
configure:13036: result: g++
configure:13063: checking for C++ compiler version
configure:13072: g++ --version >&5
g++ (Ubuntu 7.5.0-3ubuntu1~18.04) 7.5.0
Copyright (C) 2017 Free Software Foundation, Inc.
This is free software; see the source for copying conditions.  There is NO
warranty; not even for MERCHANTABILITY or FITNESS FOR A PARTICULAR PURPOSE.

configure:13083: $? = 0
configure:13072: g++ -v >&5
Using built-in specs.
COLLECT_GCC=g++
COLLECT_LTO_WRAPPER=/usr/lib/gcc/x86_64-linux-gnu/7/lto-wrapper
OFFLOAD_TARGET_NAMES=nvptx-none
OFFLOAD_TARGET_DEFAULT=1
Target: x86_64-linux-gnu
Configured with: ../src/configure -v --with-pkgversion='Ubuntu 7.5.0-3ubuntu1~18.04' --with-bugurl=file:///usr/share/doc/gcc-7/README.Bugs --enable-languages=c,ada,c++,go,brig,d,fortran,objc,obj-c++ --prefix=/usr --with-gcc-major-version-only --program-suffix=-7 --program-prefix=x86_64-linux-gnu- --enable-shared --enable-linker-build-id --libexecdir=/usr/lib --without-included-gettext --enable-threads=posix --libdir=/usr/lib --enable-nls --enable-bootstrap --enable-clocale=gnu --enable-libstdcxx-debug --enable-libstdcxx-time=yes --with-default-libstdcxx-abi=new --enable-gnu-unique-object --disable-vtable-verify --enable-libmpx --enable-plugin --enable-default-pie --with-system-zlib --with-target-system-zlib --enable-objc-gc=auto --enable-multiarch --disable-werror --with-arch-32=i686 --with-abi=m64 --with-multilib-list=m32,m64,mx32 --enable-multilib --with-tune=generic --enable-offload-targets=nvptx-none --without-cuda-driver --enable-checking=release --build=x86_64-linux-gnu --host=x86_64-linux-gnu --target=x86_64-linux-gnu
Thread model: posix
gcc version 7.5.0 (Ubuntu 7.5.0-3ubuntu1~18.04) 
configure:13083: $? = 0
configure:13072: g++ -V >&5
g++: error: unrecognized command line option '-V'
g++: fatal error: no input files
compilation terminated.
configure:13083: $? = 1
configure:13072: g++ -qversion >&5
g++: error: unrecognized command line option '-qversion'; did you mean '--version'?
g++: fatal error: no input files
compilation terminated.
configure:13083: $? = 1
configure:13087: checking whether we are using the GNU C++ compiler
configure:13106: g++ -c   conftest.cpp >&5
configure:13106: $? = 0
configure:13115: result: yes
configure:13124: checking whether g++ accepts -g
configure:13144: g++ -c -g  conftest.cpp >&5
configure:13144: $? = 0
configure:13185: result: yes
configure:13210: checking dependency style of g++
configure:13321: result: none
configure:13354: checking how to run the C++ preprocessor
configure:13381: g++ -E  conftest.cpp
configure:13381: $? = 0
configure:13395: g++ -E  conftest.cpp
conftest.cpp:26:10: fatal error: ac_nonexistent.h: No such file or directory
 #include <ac_nonexistent.h>
          ^~~~~~~~~~~~~~~~~~
compilation terminated.
configure:13395: $? = 1
configure: failed program was:
| /* confdefs.h */
| #define PACKAGE_NAME ""
| #define PACKAGE_TARNAME ""
| #define PACKAGE_VERSION ""
| #define PACKAGE_STRING ""
| #define PACKAGE_BUGREPORT ""
| #define PACKAGE_URL ""
| #define AUTOTRACE_VERSION "0.31.1"
| #define STDC_HEADERS 1
| #define HAVE_SYS_TYPES_H 1
| #define HAVE_SYS_STAT_H 1
| #define HAVE_STDLIB_H 1
| #define HAVE_STRING_H 1
| #define HAVE_MEMORY_H 1
| #define HAVE_STRINGS_H 1
| #define HAVE_INTTYPES_H 1
| #define HAVE_STDINT_H 1
| #define HAVE_UNISTD_H 1
| #define HAVE_DLFCN_H 1
| #define LT_OBJDIR ".libs/"
| #define AUTOTRACE_WEB "http://autotrace.sourceforge.net"
| #define HAVE_MALLOC_H 1
| #define HAVE_MAGICK 1
| #define HAVE_LIBPNG 1
| /* end confdefs.h.  */
| #include <ac_nonexistent.h>
configure:13420: result: g++ -E
configure:13440: g++ -E  conftest.cpp
configure:13440: $? = 0
configure:13454: g++ -E  conftest.cpp
conftest.cpp:26:10: fatal error: ac_nonexistent.h: No such file or directory
 #include <ac_nonexistent.h>
          ^~~~~~~~~~~~~~~~~~
compilation terminated.
configure:13454: $? = 1
configure: failed program was:
| /* confdefs.h */
| #define PACKAGE_NAME ""
| #define PACKAGE_TARNAME ""
| #define PACKAGE_VERSION ""
| #define PACKAGE_STRING ""
| #define PACKAGE_BUGREPORT ""
| #define PACKAGE_URL ""
| #define AUTOTRACE_VERSION "0.31.1"
| #define STDC_HEADERS 1
| #define HAVE_SYS_TYPES_H 1
| #define HAVE_SYS_STAT_H 1
| #define HAVE_STDLIB_H 1
| #define HAVE_STRING_H 1
| #define HAVE_MEMORY_H 1
| #define HAVE_STRINGS_H 1
| #define HAVE_INTTYPES_H 1
| #define HAVE_STDINT_H 1
| #define HAVE_UNISTD_H 1
| #define HAVE_DLFCN_H 1
| #define LT_OBJDIR ".libs/"
| #define AUTOTRACE_WEB "http://autotrace.sourceforge.net"
| #define HAVE_MALLOC_H 1
| #define HAVE_MAGICK 1
| #define HAVE_LIBPNG 1
| /* end confdefs.h.  */
| #include <ac_nonexistent.h>
configure:13616: checking for ld used by g++
configure:13683: result: /usr/bin/ld -m elf_x86_64
configure:13690: checking if the linker (/usr/bin/ld -m elf_x86_64) is GNU ld
configure:13705: result: yes
configure:13760: checking whether the g++ linker (/usr/bin/ld -m elf_x86_64) supports shared libraries
configure:14833: result: yes
configure:14869: g++ -c -g -O2  conftest.cpp >&5
configure:14872: $? = 0
configure:15353: checking for g++ option to produce PIC
configure:15360: result: -fPIC -DPIC
configure:15368: checking if g++ PIC flag -fPIC -DPIC works
configure:15386: g++ -c -g -O2  -fPIC -DPIC -DPIC conftest.cpp >&5
configure:15390: $? = 0
configure:15403: result: yes
configure:15426: checking if g++ static flag -static works
configure:15454: result: yes
configure:15466: checking if g++ supports -c -o file.o
configure:15487: g++ -c -g -O2  -o out/conftest2.o conftest.cpp >&5
configure:15491: $? = 0
configure:15513: result: yes
configure:15518: checking if g++ supports -c -o file.o
configure:15565: result: yes
configure:15595: checking whether the g++ linker (/usr/bin/ld -m elf_x86_64) supports shared libraries
configure:15635: result: yes
configure:15776: checking dynamic linker characteristics
configure:16534: result: GNU/Linux ld.so
configure:16599: checking how to hardcode library paths into programs
configure:16624: result: immediate
configure:16667: checking for main in -lg++
configure:16686: gcc -o conftest -g -O0 -fsanitize=address   conftest.c -lg++   >&5
/usr/bin/ld: cannot find -lg++
collect2: error: ld returned 1 exit status
configure:16686: $? = 1
configure: failed program was:
| /* confdefs.h */
| #define PACKAGE_NAME ""
| #define PACKAGE_TARNAME ""
| #define PACKAGE_VERSION ""
| #define PACKAGE_STRING ""
| #define PACKAGE_BUGREPORT ""
| #define PACKAGE_URL ""
| #define AUTOTRACE_VERSION "0.31.1"
| #define STDC_HEADERS 1
| #define HAVE_SYS_TYPES_H 1
| #define HAVE_SYS_STAT_H 1
| #define HAVE_STDLIB_H 1
| #define HAVE_STRING_H 1
| #define HAVE_MEMORY_H 1
| #define HAVE_STRINGS_H 1
| #define HAVE_INTTYPES_H 1
| #define HAVE_STDINT_H 1
| #define HAVE_UNISTD_H 1
| #define HAVE_DLFCN_H 1
| #define LT_OBJDIR ".libs/"
| #define AUTOTRACE_WEB "http://autotrace.sourceforge.net"
| #define HAVE_MALLOC_H 1
| #define HAVE_MAGICK 1
| #define HAVE_LIBPNG 1
| /* end confdefs.h.  */
| 
| 
| int
| main ()
| {
| return main ();
|   ;
|   return 0;
| }
configure:16695: result: no
configure:16701: checking for main in -lstdc++
configure:16720: gcc -o conftest -g -O0 -fsanitize=address   conftest.c -lstdc++   >&5
configure:16720: $? = 0
configure:16729: result: yes
configure:16736: checking for C++ runtime
configure:16739: result: -lstdc++ 
configure:16742: checking for main in -ldl
configure:16761: gcc -o conftest -g -O0 -fsanitize=address   conftest.c -ldl   >&5
configure:16761: $? = 0
configure:16770: result: yes
configure:16836: checking for pkg-config
configure:16854: found /usr/bin/pkg-config
configure:16866: result: /usr/bin/pkg-config
configure:16891: checking pkg-config is at least version 0.9.0
configure:16894: result: yes
configure:16904: checking for LIBPSTOEDIT
configure:16911: $PKG_CONFIG --exists --print-errors "pstoedit >= 3.32.1"
configure:16914: $? = 0
configure:16928: $PKG_CONFIG --exists --print-errors "pstoedit >= 3.32.1"
configure:16931: $? = 0
configure:16989: result: yes
configure:17506: checking for mkstemp
configure:17506: gcc -o conftest -g -O0 -fsanitize=address   conftest.c  >&5
configure:17506: $? = 0
configure:17506: result: yes
configure:17546: checking for correct format string for size_t
configure:17567: gcc -o conftest -g -O0 -fsanitize=address   conftest.c  >&5
configure:17567: $? = 0
configure:17567: ./conftest
configure:17567: $? = 0
configure:17579: result: "z"
configure:17696: checking that generated files are newer than configure
configure:17702: result: done
configure:17724: checking that generated files are newer than configure
configure:17730: result: done
configure:17757: creating ./config.status

## ---------------------- ##
## Running config.status. ##
## ---------------------- ##

This file was extended by config.status, which was
generated by GNU Autoconf 2.69.  Invocation command line was

  CONFIG_FILES    = 
  CONFIG_HEADERS  = 
  CONFIG_LINKS    = 
  CONFIG_COMMANDS = 
  $ ./config.status 

on chcpu10

config.status:1185: creating Makefile
config.status:1185: creating autotrace-config
config.status:1185: creating autotrace.pc
config.status:1185: creating autotrace.spec
config.status:1185: creating config.h
config.status:1366: config.h is unchanged
config.status:1414: executing depfiles commands
config.status:1414: executing libtool commands
config.status:1414: executing default commands

## ---------------- ##
## Cache variables. ##
## ---------------- ##

ac_cv_build=x86_64-pc-linux-gnu
ac_cv_c_compiler_gnu=yes
ac_cv_cxx_compiler_gnu=yes
ac_cv_env_CCC_set=
ac_cv_env_CCC_value=
ac_cv_env_CC_set=
ac_cv_env_CC_value=
ac_cv_env_CFLAGS_set=set
ac_cv_env_CFLAGS_value='-g -O0 -fsanitize=address'
ac_cv_env_CPPFLAGS_set=
ac_cv_env_CPPFLAGS_value=
ac_cv_env_CPP_set=
ac_cv_env_CPP_value=
ac_cv_env_CXXCPP_set=
ac_cv_env_CXXCPP_value=
ac_cv_env_CXXFLAGS_set=
ac_cv_env_CXXFLAGS_value=
ac_cv_env_CXX_set=
ac_cv_env_CXX_value=
ac_cv_env_LDFLAGS_set=
ac_cv_env_LDFLAGS_value=
ac_cv_env_LIBPSTOEDIT_CFLAGS_set=
ac_cv_env_LIBPSTOEDIT_CFLAGS_value=
ac_cv_env_LIBPSTOEDIT_LIBS_set=
ac_cv_env_LIBPSTOEDIT_LIBS_value=
ac_cv_env_LIBS_set=
ac_cv_env_LIBS_value=
ac_cv_env_LT_SYS_LIBRARY_PATH_set=
ac_cv_env_LT_SYS_LIBRARY_PATH_value=
ac_cv_env_PKG_CONFIG_LIBDIR_set=
ac_cv_env_PKG_CONFIG_LIBDIR_value=
ac_cv_env_PKG_CONFIG_PATH_set=
ac_cv_env_PKG_CONFIG_PATH_value=
ac_cv_env_PKG_CONFIG_set=
ac_cv_env_PKG_CONFIG_value=
ac_cv_env_build_alias_set=
ac_cv_env_build_alias_value=
ac_cv_env_host_alias_set=
ac_cv_env_host_alias_value=
ac_cv_env_target_alias_set=
ac_cv_env_target_alias_value=
ac_cv_func_mkstemp=yes
ac_cv_header_dlfcn_h=yes
ac_cv_header_inttypes_h=yes
ac_cv_header_malloc_h=yes
ac_cv_header_memory_h=yes
ac_cv_header_ming_h=no
ac_cv_header_stdc=yes
ac_cv_header_stdint_h=yes
ac_cv_header_stdlib_h=yes
ac_cv_header_string_h=yes
ac_cv_header_strings_h=yes
ac_cv_header_sys_stat_h=yes
ac_cv_header_sys_types_h=yes
ac_cv_header_unistd_h=yes
ac_cv_host=x86_64-pc-linux-gnu
ac_cv_lib_dl_main=yes
ac_cv_lib_gpp_main=no
ac_cv_lib_png_png_get_image_width=yes
ac_cv_lib_png_png_read_png=yes
ac_cv_lib_stdcpp_main=yes
ac_cv_objext=o
ac_cv_path_EGREP='/bin/grep -E'
ac_cv_path_FGREP='/bin/grep -F'
ac_cv_path_GREP=/bin/grep
ac_cv_path_SED=/bin/sed
ac_cv_path_ac_pt_PKG_CONFIG=/usr/bin/pkg-config
ac_cv_path_install='/usr/bin/install -c'
ac_cv_path_lt_DD=/bin/dd
ac_cv_path_mkdir=/bin/mkdir
ac_cv_prog_AWK=gawk
ac_cv_prog_CPP='gcc -E'
ac_cv_prog_CXXCPP='g++ -E'
ac_cv_prog_ac_ct_AR=ar
ac_cv_prog_ac_ct_CC=gcc
ac_cv_prog_ac_ct_CXX=g++
ac_cv_prog_ac_ct_MANIFEST_TOOL=mt
ac_cv_prog_ac_ct_OBJDUMP=objdump
ac_cv_prog_ac_ct_RANLIB=ranlib
ac_cv_prog_ac_ct_STRIP=strip
ac_cv_prog_cc_c89=
ac_cv_prog_cc_g=yes
ac_cv_prog_cxx_g=yes
ac_cv_prog_make_make_set=yes
am_cv_CC_dependencies_compiler_type=none
am_cv_CXX_dependencies_compiler_type=none
am_cv_make_support_nested_variables=yes
am_cv_prog_cc_c_o=yes
lt_cv_ar_at_file=@
lt_cv_archive_cmds_need_lc=no
lt_cv_deplibs_check_method=pass_all
lt_cv_file_magic_cmd='$MAGIC_CMD'
lt_cv_file_magic_test_file=
lt_cv_ld_reload_flag=-r
lt_cv_nm_interface='BSD nm'
lt_cv_objdir=.libs
lt_cv_path_LD=/usr/bin/ld
lt_cv_path_LDCXX='/usr/bin/ld -m elf_x86_64'
lt_cv_path_NM='/usr/bin/nm -B'
lt_cv_path_mainfest_tool=no
lt_cv_prog_compiler_c_o=yes
lt_cv_prog_compiler_c_o_CXX=yes
lt_cv_prog_compiler_pic='-fPIC -DPIC'
lt_cv_prog_compiler_pic_CXX='-fPIC -DPIC'
lt_cv_prog_compiler_pic_works=yes
lt_cv_prog_compiler_pic_works_CXX=yes
lt_cv_prog_compiler_rtti_exceptions=no
lt_cv_prog_compiler_static_works=no
lt_cv_prog_compiler_static_works_CXX=yes
lt_cv_prog_gnu_ld=yes
lt_cv_prog_gnu_ldcxx=yes
lt_cv_sharedlib_from_linklib_cmd='printf %s\n'
lt_cv_shlibpath_overrides_runpath=yes
lt_cv_sys_global_symbol_pipe='sed -n -e '\''s/^.*[	 ]\([ABCDGIRSTW][ABCDGIRSTW]*\)[	 ][	 ]*\([_A-Za-z][_A-Za-z0-9]*\)$/\1 \2 \2/p'\'' | sed '\''/ __gnu_lto/d'\'''
lt_cv_sys_global_symbol_to_c_name_address='sed -n -e '\''s/^: \(.*\) .*$/  {"\1", (void *) 0},/p'\'' -e '\''s/^[ABCDGIRSTW][ABCDGIRSTW]* .* \(.*\)$/  {"\1", (void *) \&\1},/p'\'''
lt_cv_sys_global_symbol_to_c_name_address_lib_prefix='sed -n -e '\''s/^: \(.*\) .*$/  {"\1", (void *) 0},/p'\'' -e '\''s/^[ABCDGIRSTW][ABCDGIRSTW]* .* \(lib.*\)$/  {"\1", (void *) \&\1},/p'\'' -e '\''s/^[ABCDGIRSTW][ABCDGIRSTW]* .* \(.*\)$/  {"lib\1", (void *) \&\1},/p'\'''
lt_cv_sys_global_symbol_to_cdecl='sed -n -e '\''s/^T .* \(.*\)$/extern int \1();/p'\'' -e '\''s/^[ABCDGIRSTW][ABCDGIRSTW]* .* \(.*\)$/extern char \1;/p'\'''
lt_cv_sys_global_symbol_to_import=
lt_cv_sys_max_cmd_len=1572864
lt_cv_to_host_file_cmd=func_convert_file_noop
lt_cv_to_tool_file_cmd=func_convert_file_noop
lt_cv_truncate_bin='/bin/dd bs=4096 count=1'
pkg_cv_LIBPSTOEDIT_CFLAGS=
pkg_cv_LIBPSTOEDIT_LIBS='-lpstoedit -lstdc++ -ldl'

## ----------------- ##
## Output variables. ##
## ----------------- ##

ACLOCAL='${SHELL} /home/acesrc/testcase/linuxflaw/autotrace/autotrace-0.31.1/missing aclocal-1.15'
AMDEPBACKSLASH='\'
AMDEP_FALSE='#'
AMDEP_TRUE=''
AMTAR='$${TAR-tar}'
AM_BACKSLASH='\'
AM_DEFAULT_V='$(AM_DEFAULT_VERBOSITY)'
AM_DEFAULT_VERBOSITY='1'
AM_V='$(V)'
AR='ar'
AUTOCONF='${SHELL} /home/acesrc/testcase/linuxflaw/autotrace/autotrace-0.31.1/missing autoconf'
AUTOHEADER='${SHELL} /home/acesrc/testcase/linuxflaw/autotrace/autotrace-0.31.1/missing autoheader'
AUTOMAKE='${SHELL} /home/acesrc/testcase/linuxflaw/autotrace/autotrace-0.31.1/missing automake-1.15'
AUTOTRACE_VERSION='0.31.1'
AWK='gawk'
CC='gcc'
CCDEPMODE='depmode=none'
CFLAGS='-g -O0 -fsanitize=address'
CPP='gcc -E'
CPPFLAGS=''
CXX='g++'
CXXCPP='g++ -E'
CXXDEPMODE='depmode=none'
CXXFLAGS='-g -O2'
CYGPATH_W='echo'
DEFS='-DHAVE_CONFIG_H'
DEPDIR='.deps'
DLLTOOL='false'
DSYMUTIL=''
DUMPBIN=''
ECHO_C=''
ECHO_N='-n'
ECHO_T=''
EGREP='/bin/grep -E'
EXEEXT=''
FGREP='/bin/grep -F'
GREP='/bin/grep'
HAVE_LIBPNG_FALSE='#'
HAVE_LIBPNG_TRUE=''
HAVE_LIBPSTOEDIT_FALSE='#'
HAVE_LIBPSTOEDIT_TRUE=''
HAVE_LIBSWF_FALSE=''
HAVE_LIBSWF_TRUE='#'
HAVE_MAGICK_FALSE='#'
HAVE_MAGICK_TRUE=''
INSTALL_DATA='${INSTALL} -m 644'
INSTALL_PROGRAM='${INSTALL}'
INSTALL_SCRIPT='${INSTALL}'
INSTALL_STRIP_PROGRAM='$(install_sh) -c -s'
LD='/usr/bin/ld -m elf_x86_64'
LDFLAGS=''
LIBOBJS=''
LIBPNG_LDFLAGS='-lpng16 -lz'
LIBPSTOEDIT_CFLAGS=''
LIBPSTOEDIT_LIBS='-lpstoedit -lstdc++ -ldl'
LIBS=''
LIBSWF_LDFLAGS=''
LIBTOOL='$(SHELL) $(top_builddir)/libtool'
LIPO=''
LN_S='ln -s'
LTLIBOBJS=''
LT_AGE='0'
LT_CURRENT='3'
LT_REVISION='0'
LT_SYS_LIBRARY_PATH=''
MAGICK_CFLAGS='-fopenmp -DMAGICKCORE_HDRI_ENABLE=0 -DMAGICKCORE_QUANTUM_DEPTH=16 -I/usr/include/x86_64-linux-gnu//ImageMagick-6 -I/usr/include/ImageMagick-6'
MAGICK_CONFIG=''
MAGICK_LDFLAGS='-lMagickCore-6.Q16'
MAINT='#'
MAINTAINER_MODE_FALSE=''
MAINTAINER_MODE_TRUE='#'
MAKEINFO='${SHELL} /home/acesrc/testcase/linuxflaw/autotrace/autotrace-0.31.1/missing makeinfo'
MANIFEST_TOOL=':'
MKDIR_P='/bin/mkdir -p'
NM='/usr/bin/nm -B'
NMEDIT=''
OBJDUMP='objdump'
OBJEXT='o'
OTOOL64=''
OTOOL=''
PACKAGE='autotrace'
PACKAGE_BUGREPORT=''
PACKAGE_NAME=''
PACKAGE_STRING=''
PACKAGE_TARNAME=''
PACKAGE_URL=''
PACKAGE_VERSION=''
PATH_SEPARATOR=':'
PKGCONFIG_REQS='ImageMagick, libpng, pstoedit'
PKG_CONFIG='/usr/bin/pkg-config'
PKG_CONFIG_LIBDIR=''
PKG_CONFIG_PATH=''
PSTOEDIT_CFLAGS=''
PSTOEDIT_CONFIG=''
PSTOEDIT_LIBS=''
RANLIB='ranlib'
SED='/bin/sed'
SET_MAKE=''
SHELL='/bin/bash'
STRIP='strip'
VERSION='0.31.1'
ac_ct_AR='ar'
ac_ct_CC='gcc'
ac_ct_CXX='g++'
ac_ct_DUMPBIN=''
am__EXEEXT_FALSE=''
am__EXEEXT_TRUE='#'
am__fastdepCC_FALSE=''
am__fastdepCC_TRUE='#'
am__fastdepCXX_FALSE=''
am__fastdepCXX_TRUE='#'
am__include='include'
am__isrc=''
am__leading_dot='.'
am__nodep='_no'
am__quote=''
am__tar='$${TAR-tar} chof - "$$tardir"'
am__untar='$${TAR-tar} xf -'
bindir='${exec_prefix}/bin'
build='x86_64-pc-linux-gnu'
build_alias=''
build_cpu='x86_64'
build_os='linux-gnu'
build_vendor='pc'
datadir='${datarootdir}'
datarootdir='${prefix}/share'
docdir='${datarootdir}/doc/${PACKAGE}'
dvidir='${docdir}'
exec_prefix='${prefix}'
host='x86_64-pc-linux-gnu'
host_alias=''
host_cpu='x86_64'
host_os='linux-gnu'
host_vendor='pc'
htmldir='${docdir}'
includedir='${prefix}/include'
infodir='${datarootdir}/info'
install_sh='${SHELL} /home/acesrc/testcase/linuxflaw/autotrace/autotrace-0.31.1/install-sh'
libdir='${exec_prefix}/lib'
libexecdir='${exec_prefix}/libexec'
localedir='${datarootdir}/locale'
localstatedir='${prefix}/var'
mandir='${datarootdir}/man'
mkdir_p='$(MKDIR_P)'
oldincludedir='/usr/include'
pdfdir='${docdir}'
prefix='/usr/local'
program_transform_name='s,x,x,'
psdir='${docdir}'
sbindir='${exec_prefix}/sbin'
sharedstatedir='${prefix}/com'
sysconfdir='${prefix}/etc'
target_alias=''

## ----------- ##
## confdefs.h. ##
## ----------- ##

/* confdefs.h */
#define PACKAGE_NAME ""
#define PACKAGE_TARNAME ""
#define PACKAGE_VERSION ""
#define PACKAGE_STRING ""
#define PACKAGE_BUGREPORT ""
#define PACKAGE_URL ""
#define AUTOTRACE_VERSION "0.31.1"
#define STDC_HEADERS 1
#define HAVE_SYS_TYPES_H 1
#define HAVE_SYS_STAT_H 1
#define HAVE_STDLIB_H 1
#define HAVE_STRING_H 1
#define HAVE_MEMORY_H 1
#define HAVE_STRINGS_H 1
#define HAVE_INTTYPES_H 1
#define HAVE_STDINT_H 1
#define HAVE_UNISTD_H 1
#define HAVE_DLFCN_H 1
#define LT_OBJDIR ".libs/"
#define AUTOTRACE_WEB "http://autotrace.sourceforge.net"
#define HAVE_MALLOC_H 1
#define HAVE_MAGICK 1
#define HAVE_LIBPNG 1
#define HAVE_LIBPSTOEDIT 1
#define HAVE_MKSTEMP 1
#define SIZET_FORMAT "z"

configure: exit 0
